<?xml version="1.0" encoding="UTF-8"?>
<!-- Generated by org.testng.reporters.JUnitReportReporter -->
<testsuite hostname="LAPTOP-SRG2U73H" failures="0" tests="1" name="org.educacionit.selenium.claseCinco.AutomationTestWithPom" time="2.308" errors="0" timestamp="2024-01-10T12:37:37 ART" skipped="0">
  <testcase classname="org.educacionit.selenium.claseCinco.AutomationTestWithPom" name="testTabla" time="2.308"/>
  <system-out/>
</testsuite> <!-- org.educacionit.selenium.claseCinco.AutomationTestWithPom -->
