<?xml version="1.0" encoding="UTF-8"?>
<!-- Generated by org.testng.reporters.JUnitReportReporter -->
<testsuite hostname="LAPTOP-SRG2U73H" failures="0" tests="1" name="org.educacionit.selenium.claseCuatro.tests.AutomationTest" time="14.363" errors="0" timestamp="2024-01-08T10:25:56 ART" skipped="0">
  <testcase classname="org.educacionit.selenium.claseCuatro.tests.AutomationTest" name="testSignIn" time="14.363"/>
  <system-out/>
</testsuite> <!-- org.educacionit.selenium.claseCuatro.tests.AutomationTest -->
